Thu Jan 16 14:58:01 UTC 2025: Limpeza de arquivos na pasta tmp concluída.
Thu Jan 16 15:01:15 UTC 2025: Limpeza de arquivos na pasta tmp concluída.
Thu Jan 16 15:11:40 UTC 2025: Limpeza de arquivos na pasta tmp concluída.
Thu Jan 16 15:17:02 UTC 2025: Limpeza de arquivos na pasta tmp concluída.
Thu Jan 16 15:17:18 UTC 2025: Limpeza de arquivos na pasta tmp concluída.
Thu Jan 16 15:18:20 UTC 2025: Limpeza de arquivos na pasta tmp concluída.
Fri Jan 17 02:00:01 UTC 2025: Limpeza de arquivos na pasta tmp concluída.
Mon Jan 20 18:51:09 UTC 2025: Limpeza de arquivos na pasta tmp concluída.
Mon Jan 20 20:00:01 UTC 2025: Limpeza de arquivos na pasta tmp concluída.
Mon Jan 20 22:00:01 UTC 2025: Limpeza de arquivos na pasta tmp concluída.
Tue Jan 21 00:00:01 UTC 2025: Limpeza de arquivos na pasta tmp concluída.
Tue Jan 21 02:00:01 UTC 2025: Limpeza de arquivos na pasta tmp concluída.
Tue Jan 21 04:00:01 UTC 2025: Limpeza de arquivos na pasta tmp concluída.
Tue Jan 21 06:00:01 UTC 2025: Limpeza de arquivos na pasta tmp concluída.
Tue Jan 21 08:00:01 UTC 2025: Limpeza de arquivos na pasta tmp concluída.
Tue Jan 21 10:00:01 UTC 2025: Limpeza de arquivos na pasta tmp concluída.
Tue Jan 21 12:00:02 UTC 2025: Limpeza de arquivos na pasta tmp concluída.
Tue Jan 21 14:00:01 UTC 2025: Limpeza de arquivos na pasta tmp concluída.
Tue Jan 21 16:00:01 UTC 2025: Limpeza de arquivos na pasta tmp concluída.
Tue Jan 21 18:00:01 UTC 2025: Limpeza de arquivos na pasta tmp concluída.
Tue Jan 21 20:00:01 UTC 2025: Limpeza de arquivos na pasta tmp concluída.
Tue Jan 21 22:00:01 UTC 2025: Limpeza de arquivos na pasta tmp concluída.
Wed Jan 22 00:00:01 UTC 2025: Limpeza de arquivos na pasta tmp concluída.
Wed Jan 22 02:00:01 UTC 2025: Limpeza de arquivos na pasta tmp concluída.
Wed Jan 22 04:00:01 UTC 2025: Limpeza de arquivos na pasta tmp concluída.
Wed Jan 22 06:00:01 UTC 2025: Limpeza de arquivos na pasta tmp concluída.
Wed Jan 22 08:00:01 UTC 2025: Limpeza de arquivos na pasta tmp concluída.
Wed Jan 22 10:00:01 UTC 2025: Limpeza de arquivos na pasta tmp concluída.
Wed Jan 22 12:00:01 UTC 2025: Limpeza de arquivos na pasta tmp concluída.
Wed Jan 22 14:00:01 UTC 2025: Limpeza de arquivos na pasta tmp concluída.
Wed Jan 22 16:00:01 UTC 2025: Limpeza de arquivos na pasta tmp concluída.
Wed Jan 22 18:00:01 UTC 2025: Limpeza de arquivos na pasta tmp concluída.
Wed Jan 22 20:00:01 UTC 2025: Limpeza de arquivos na pasta tmp concluída.
Wed Jan 22 22:00:01 UTC 2025: Limpeza de arquivos na pasta tmp concluída.
Thu Jan 23 00:00:01 UTC 2025: Limpeza de arquivos na pasta tmp concluída.
Thu Jan 23 02:00:01 UTC 2025: Limpeza de arquivos na pasta tmp concluída.
Thu Jan 23 04:00:01 UTC 2025: Limpeza de arquivos na pasta tmp concluída.
Thu Jan 23 06:00:02 UTC 2025: Limpeza de arquivos na pasta tmp concluída.
Thu Jan 23 08:00:01 UTC 2025: Limpeza de arquivos na pasta tmp concluída.
Thu Jan 23 10:00:01 UTC 2025: Limpeza de arquivos na pasta tmp concluída.
Thu Jan 23 12:00:01 UTC 2025: Limpeza de arquivos na pasta tmp concluída.
Thu Jan 23 14:00:01 UTC 2025: Limpeza de arquivos na pasta tmp concluída.
Thu Jan 23 16:00:01 UTC 2025: Limpeza de arquivos na pasta tmp concluída.
Thu Jan 23 18:00:01 UTC 2025: Limpeza de arquivos na pasta tmp concluída.
Thu Jan 23 20:00:01 UTC 2025: Limpeza de arquivos na pasta tmp concluída.
Thu Jan 23 22:00:01 UTC 2025: Limpeza de arquivos na pasta tmp concluída.
Fri Jan 24 00:00:01 UTC 2025: Limpeza de arquivos na pasta tmp concluída.
Fri Jan 24 02:00:01 UTC 2025: Limpeza de arquivos na pasta tmp concluída.
Fri Jan 24 04:00:01 UTC 2025: Limpeza de arquivos na pasta tmp concluída.
Fri Jan 24 06:00:01 UTC 2025: Limpeza de arquivos na pasta tmp concluída.
Fri Jan 24 08:00:01 UTC 2025: Limpeza de arquivos na pasta tmp concluída.
Fri Jan 24 10:00:01 UTC 2025: Limpeza de arquivos na pasta tmp concluída.
Fri Jan 24 12:00:01 UTC 2025: Limpeza de arquivos na pasta tmp concluída.
Fri Jan 24 14:00:01 UTC 2025: Limpeza de arquivos na pasta tmp concluída.
Fri Jan 24 16:00:01 UTC 2025: Limpeza de arquivos na pasta tmp concluída.
Fri Jan 24 18:00:01 UTC 2025: Limpeza de arquivos na pasta tmp concluída.
Fri Jan 24 20:00:01 UTC 2025: Limpeza de arquivos na pasta tmp concluída.
Fri Jan 24 22:00:01 UTC 2025: Limpeza de arquivos na pasta tmp concluída.
Sat Jan 25 00:00:02 UTC 2025: Limpeza de arquivos na pasta tmp concluída.
Sat Jan 25 02:00:02 UTC 2025: Limpeza de arquivos na pasta tmp concluída.
Sat Jan 25 04:00:01 UTC 2025: Limpeza de arquivos na pasta tmp concluída.
Sat Jan 25 06:00:01 UTC 2025: Limpeza de arquivos na pasta tmp concluída.
Sat Jan 25 08:00:01 UTC 2025: Limpeza de arquivos na pasta tmp concluída.
Sat Jan 25 10:00:01 UTC 2025: Limpeza de arquivos na pasta tmp concluída.
Sat Jan 25 12:00:01 UTC 2025: Limpeza de arquivos na pasta tmp concluída.
Sat Jan 25 14:00:01 UTC 2025: Limpeza de arquivos na pasta tmp concluída.
Sat Jan 25 16:00:01 UTC 2025: Limpeza de arquivos na pasta tmp concluída.
Sat Jan 25 18:00:01 UTC 2025: Limpeza de arquivos na pasta tmp concluída.
Sat Jan 25 20:00:01 UTC 2025: Limpeza de arquivos na pasta tmp concluída.
Sat Jan 25 22:00:01 UTC 2025: Limpeza de arquivos na pasta tmp concluída.
Sun Jan 26 00:00:01 UTC 2025: Limpeza de arquivos na pasta tmp concluída.
Sun Jan 26 02:00:01 UTC 2025: Limpeza de arquivos na pasta tmp concluída.
Sun Jan 26 04:00:01 UTC 2025: Limpeza de arquivos na pasta tmp concluída.
Sun Jan 26 06:00:01 UTC 2025: Limpeza de arquivos na pasta tmp concluída.
Sun Jan 26 08:00:01 UTC 2025: Limpeza de arquivos na pasta tmp concluída.
Sun Jan 26 10:00:01 UTC 2025: Limpeza de arquivos na pasta tmp concluída.
Sun Jan 26 12:00:01 UTC 2025: Limpeza de arquivos na pasta tmp concluída.
Sun Jan 26 14:00:01 UTC 2025: Limpeza de arquivos na pasta tmp concluída.
Sun Jan 26 16:00:01 UTC 2025: Limpeza de arquivos na pasta tmp concluída.
Sun Jan 26 18:00:01 UTC 2025: Limpeza de arquivos na pasta tmp concluída.
Sun Jan 26 20:00:01 UTC 2025: Limpeza de arquivos na pasta tmp concluída.
Sun Jan 26 22:00:01 UTC 2025: Limpeza de arquivos na pasta tmp concluída.
Mon Jan 27 00:00:01 UTC 2025: Limpeza de arquivos na pasta tmp concluída.
Mon Jan 27 02:00:01 UTC 2025: Limpeza de arquivos na pasta tmp concluída.
Mon Jan 27 04:00:01 UTC 2025: Limpeza de arquivos na pasta tmp concluída.
Mon Jan 27 06:00:01 UTC 2025: Limpeza de arquivos na pasta tmp concluída.
Mon Jan 27 08:00:01 UTC 2025: Limpeza de arquivos na pasta tmp concluída.
Mon Jan 27 10:00:01 UTC 2025: Limpeza de arquivos na pasta tmp concluída.
Mon Jan 27 12:00:01 UTC 2025: Limpeza de arquivos na pasta tmp concluída.
Mon Jan 27 14:00:01 UTC 2025: Limpeza de arquivos na pasta tmp concluída.
Mon Jan 27 16:00:01 UTC 2025: Limpeza de arquivos na pasta tmp concluída.
Mon Jan 27 18:00:01 UTC 2025: Limpeza de arquivos na pasta tmp concluída.
Mon Jan 27 20:00:01 UTC 2025: Limpeza de arquivos na pasta tmp concluída.
Mon Jan 27 22:00:01 UTC 2025: Limpeza de arquivos na pasta tmp concluída.
Tue Jan 28 00:00:01 UTC 2025: Limpeza de arquivos na pasta tmp concluída.
Tue Jan 28 02:00:01 UTC 2025: Limpeza de arquivos na pasta tmp concluída.
Tue Jan 28 04:00:01 UTC 2025: Limpeza de arquivos na pasta tmp concluída.
Tue Jan 28 06:00:01 UTC 2025: Limpeza de arquivos na pasta tmp concluída.
Tue Jan 28 08:00:01 UTC 2025: Limpeza de arquivos na pasta tmp concluída.
Tue Jan 28 10:00:01 UTC 2025: Limpeza de arquivos na pasta tmp concluída.
Tue Jan 28 12:00:01 UTC 2025: Limpeza de arquivos na pasta tmp concluída.
Tue Jan 28 14:00:01 UTC 2025: Limpeza de arquivos na pasta tmp concluída.
Tue Jan 28 16:00:01 UTC 2025: Limpeza de arquivos na pasta tmp concluída.
Tue Jan 28 18:00:01 UTC 2025: Limpeza de arquivos na pasta tmp concluída.
Tue Jan 28 20:00:01 UTC 2025: Limpeza de arquivos na pasta tmp concluída.
Tue Jan 28 22:00:01 UTC 2025: Limpeza de arquivos na pasta tmp concluída.
Wed Jan 29 00:00:01 UTC 2025: Limpeza de arquivos na pasta tmp concluída.
Wed Jan 29 02:00:01 UTC 2025: Limpeza de arquivos na pasta tmp concluída.
Wed Jan 29 04:00:01 UTC 2025: Limpeza de arquivos na pasta tmp concluída.
Wed Jan 29 06:00:02 UTC 2025: Limpeza de arquivos na pasta tmp concluída.
Wed Jan 29 08:00:01 UTC 2025: Limpeza de arquivos na pasta tmp concluída.
Wed Jan 29 10:00:02 UTC 2025: Limpeza de arquivos na pasta tmp concluída.
Wed Jan 29 12:00:02 UTC 2025: Limpeza de arquivos na pasta tmp concluída.
Wed Jan 29 14:00:01 UTC 2025: Limpeza de arquivos na pasta tmp concluída.
Wed Jan 29 16:00:01 UTC 2025: Limpeza de arquivos na pasta tmp concluída.
